[0307/150733.120:ERROR:process_reader_win.cc(123)] NtOpenThread: {Access Denied} A process has requested access to an object, but has not been granted those access rights. (0xc0000022)
[0307/150733.123:ERROR:exception_snapshot_win.cc(98)] thread ID 5712 not found in process
[0307/150733.167:ERROR:process_reader_win.cc(123)] NtOpenThread: {Access Denied} A process has requested access to an object, but has not been granted those access rights. (0xc0000022)
[0307/150733.167:ERROR:exception_snapshot_win.cc(98)] thread ID 3152 not found in process
[0318/142817.194:ERROR:process_reader_win.cc(123)] NtOpenThread: {Access Denied} A process has requested access to an object, but has not been granted those access rights. (0xc0000022)
[0318/142817.197:ERROR:exception_snapshot_win.cc(98)] thread ID 13296 not found in process
[0318/142817.235:ERROR:process_reader_win.cc(123)] NtOpenThread: An invalid Client ID was specified. (0xc000000b)
[0318/142817.235:ERROR:exception_snapshot_win.cc(98)] thread ID 3184 not found in process
[0318/142817.236:ERROR:scoped_process_suspend.cc(40)] NtResumeProcess: An attempt was made to access an exiting process. (0xc000010a)
[0318/185407.893:ERROR:exception_handler_server.cc(473)] failed to open 13384
[0318/190403.010:ERROR:exception_handler_server.cc(473)] failed to open 3012
[0318/193851.566:ERROR:process_reader_win.cc(123)] NtOpenThread: {Access Denied} A process has requested access to an object, but has not been granted those access rights. (0xc0000022)
[0318/193851.567:ERROR:exception_snapshot_win.cc(98)] thread ID 18800 not found in process
[0318/193851.604:ERROR:process_reader_win.cc(123)] NtOpenThread: {Access Denied} A process has requested access to an object, but has not been granted those access rights. (0xc0000022)
[0318/193851.604:ERROR:exception_snapshot_win.cc(98)] thread ID 22264 not found in process
[0318/194318.476:ERROR:process_reader_win.cc(123)] NtOpenThread: {Access Denied} A process has requested access to an object, but has not been granted those access rights. (0xc0000022)
[0318/194318.477:ERROR:exception_snapshot_win.cc(98)] thread ID 25024 not found in process
[0318/194318.561:ERROR:process_reader_win.cc(123)] NtOpenThread: {Access Denied} A process has requested access to an object, but has not been granted those access rights. (0xc0000022)
[0318/194318.561:ERROR:exception_snapshot_win.cc(98)] thread ID 19036 not found in process
[0318/194318.648:ERROR:process_reader_win.cc(123)] NtOpenThread: {Access Denied} A process has requested access to an object, but has not been granted those access rights. (0xc0000022)
[0318/194318.648:ERROR:exception_snapshot_win.cc(98)] thread ID 10472 not found in process
[0318/201203.014:ERROR:exception_handler_server.cc(473)] failed to open 12056
